#
# A fatal error has been detected by the Java Runtime Environment:
#
#  Internal Error (javaCalls.cpp:51), pid=14784, tid=0x0000000000003460
#  guarantee(thread->is_Java_thread()) failed: crucial check - the VM thread cannot and must not escape to Java code
#
# JRE version: Java(TM) SE Runtime Environment (8.0_421) (build 1.8.0_421-b09)
# Java VM: Java HotSpot(TM) 64-Bit Server VM (25.421-b09 mixed mode windows-amd64 compressed oops)
# Failed to write core dump. Minidumps are not enabled by default on client versions of Windows
#
# If you would like to submit a bug report, please visit:
#   http://bugreport.java.com/bugreport/crash.jsp
#

---------------  T H R E A D  ---------------

Current thread (0x00000265239d6800):  VMThread [stack: 0x00000084d6900000,0x00000084d6a00000] [id=13408]

Stack: [0x00000084d6900000,0x00000084d6a00000]
[error occurred during error reporting (printing stack bounds), id 0xc0000005]

Native frames: (J=compiled Java code, j=interpreted, Vv=VM code, C=native code)
V  [jvm.dll+0x34bb09]
V  [jvm.dll+0x288eb2]
V  [jvm.dll+0x289a80]
V  [jvm.dll+0x2a7a86]
V  [jvm.dll+0x2a8770]
V  [jvm.dll+0x34b768]
C  [ntdll.dll+0xa292f]
C  [ntdll.dll+0x52554]
C  [ntdll.dll+0xa143e]
C  0x000002650a6d0b4a

VM_Operation (0x00000084d6eff5f0): GetOrSetLocal, mode: safepoint, requested by thread 0x0000026523a51800


---------------  P R O C E S S  ---------------

Java Threads: ( => current thread )
  0x00000265260f9800 JavaThread "TimerQueue" daemon [_thread_blocked, id=15480, stack(0x00000084d8800000,0x00000084d8900000)]
  0x0000026508c4c000 JavaThread "DestroyJavaVM" [_thread_blocked, id=13420, stack(0x00000084d6000000,0x00000084d6100000)]
  0x0000026529ded000 JavaThread "GC Daemon" daemon [_thread_blocked, id=14800, stack(0x00000084d8500000,0x00000084d8600000)]
  0x0000026529d56800 JavaThread "D3D Screen Updater" daemon [_thread_blocked, id=16972, stack(0x00000084d8400000,0x00000084d8500000)]
  0x00000265297f3000 JavaThread "AWT-EventQueue-0" [_thread_blocked, id=3800, stack(0x00000084d8200000,0x00000084d8300000)]
  0x0000026529852000 JavaThread "AWT-Shutdown" [_thread_blocked, id=3976, stack(0x00000084d7800000,0x00000084d7900000)]
  0x0000026526116800 JavaThread "AWT-Windows" daemon [_thread_in_native, id=19240, stack(0x00000084d7900000,0x00000084d7a00000)]
  0x0000026526163000 JavaThread "Java2D Disposer" daemon [_thread_blocked, id=11652, stack(0x00000084d7700000,0x00000084d7800000)]
  0x0000026525c03000 JavaThread "Service Thread" daemon [_thread_blocked, id=20320, stack(0x00000084d7500000,0x00000084d7600000)]
  0x0000026523a81000 JavaThread "C1 CompilerThread3" daemon [_thread_blocked, id=17668, stack(0x00000084d7400000,0x00000084d7500000)]
  0x0000026523a7e800 JavaThread "C2 CompilerThread2" daemon [_thread_blocked, id=712, stack(0x00000084d7300000,0x00000084d7400000)]
  0x0000026523a7d000 JavaThread "C2 CompilerThread1" daemon [_thread_blocked, id=8856, stack(0x00000084d7200000,0x00000084d7300000)]
  0x0000026523a6e000 JavaThread "C2 CompilerThread0" daemon [_thread_blocked, id=10796, stack(0x00000084d7100000,0x00000084d7200000)]
  0x0000026523a58800 JavaThread "JDWP Command Reader" daemon [_thread_in_native, id=16572, stack(0x00000084d7000000,0x00000084d7100000)]
  0x0000026523a56800 JavaThread "JDWP Event Helper Thread" daemon [_thread_blocked, id=19656, stack(0x00000084d6f00000,0x00000084d7000000)]
  0x0000026523a51800 JavaThread "JDWP Transport Listener: dt_socket" daemon [_thread_blocked, id=12776, stack(0x00000084d6e00000,0x00000084d6f00000)]
  0x0000026523a31000 JavaThread "Attach Listener" daemon [_thread_blocked, id=17020, stack(0x00000084d6d00000,0x00000084d6e00000)]
  0x0000026523a2e000 JavaThread "Signal Dispatcher" daemon [_thread_blocked, id=5152, stack(0x00000084d6c00000,0x00000084d6d00000)]
  0x0000026523a08000 JavaThread "Finalizer" daemon [_thread_blocked, id=4792, stack(0x00000084d6b00000,0x00000084d6c00000)]
  0x0000026523a00800 JavaThread "Reference Handler" daemon [_thread_blocked, id=18068, stack(0x00000084d6a00000,0x00000084d6b00000)]

Other Threads:
=>0x00000265239d6800 VMThread [stack: 0x00000084d6900000,0x00000084d6a00000] [id=13408]
  0x0000026525c48800 WatcherThread [stack: 0x00000084d7600000,0x00000084d7700000] [id=15712]

VM state:at safepoint (normal execution)

VM Mutex/Monitor currently owned by a thread:  ([mutex/lock_event])
[0x0000026508c4b330] Threads_lock - owner thread: 0x00000265239d6800

heap address: 0x00000006c0800000, size: 4088 MB, Compressed Oops mode: Zero based, Oop shift amount: 3
Narrow klass base: 0x0000000000000000, Narrow klass shift: 3
Compressed class space size: 1073741824 Address: 0x00000007c0000000

Heap:
 PSYoungGen      total 76288K, used 15500K [0x000000076ad80000, 0x0000000770280000, 0x00000007c0000000)
  eden space 65536K, 23% used [0x000000076ad80000,0x000000076bca3168,0x000000076ed80000)
  from space 10752K, 0% used [0x000000076f800000,0x000000076f800000,0x0000000770280000)
  to   space 10752K, 0% used [0x000000076ed80000,0x000000076ed80000,0x000000076f800000)
 ParOldGen       total 82944K, used 16659K [0x00000006c0800000, 0x00000006c5900000, 0x000000076ad80000)
  object space 82944K, 20% used [0x00000006c0800000,0x00000006c1844e58,0x00000006c5900000)
 Metaspace       used 31346K, capacity 31878K, committed 32000K, reserved 1077248K
  class space    used 3860K, capacity 4007K, committed 4096K, reserved 1048576K

Card table byte_map: [0x0000026519a90000,0x000002651a290000] byte_map_base: 0x000002651648c000

Marking Bits: (ParMarkBitMap*) 0x00007ffc0c3bf200
 Begin Bits: [0x000002651a7f0000, 0x000002651e7d0000)
 End Bits:   [0x000002651e7d0000, 0x00000265227b0000)

Polling page: 0x0000026508dc0000

CodeCache: size=245760Kb used=9078Kb max_used=9358Kb free=236681Kb
 bounds [0x000002650a6d0000, 0x000002650b010000, 0x00000265196d0000]
 total_blobs=3321 nmethods=2737 adapters=504
 compilation: enabled

Compilation events (10 events):
Event: 30.330 Thread 0x0000026523a81000 3142       3       org.bouncycastle.asn1.ASN1InputStream::readTagNumber (90 bytes)
Event: 30.330 Thread 0x0000026523a81000 nmethod 3142 0x000002650a8c8c50 code [0x000002650a8c8e20, 0x000002650a8c9440]
Event: 31.457 Thread 0x0000026523a81000 3144       3       sun.java2d.d3d.D3DSurfaceData$D3DWindowSurfaceData::isDirty (18 bytes)
Event: 31.457 Thread 0x0000026523a81000 nmethod 3144 0x000002650a883050 code [0x000002650a8831c0, 0x000002650a883450]
Event: 31.458 Thread 0x0000026523a81000 3145       3       sun.java2d.StateTrackableDelegate$1::isCurrent (17 bytes)
Event: 31.458 Thread 0x0000026523a81000 nmethod 3145 0x000002650a818e90 code [0x000002650a818fe0, 0x000002650a8191b8]
Event: 230.689 Thread 0x0000026523a7e800 3146       4       java.util.ArrayList::toArray (60 bytes)
Event: 230.696 Thread 0x0000026523a7e800 nmethod 3146 0x000002650a83fd90 code [0x000002650a83fee0, 0x000002650a840478]
Event: 588.392 Thread 0x0000026523a6e000 3147       4       sun.java2d.d3d.D3DSurfaceData$D3DWindowSurfaceData::isDirty (18 bytes)
Event: 588.394 Thread 0x0000026523a6e000 nmethod 3147 0x000002650ac29bd0 code [0x000002650ac29d20, 0x000002650ac29e38]

GC Heap History (10 events):
Event: 7.839 GC heap before
{Heap before GC invocations=2 (full 0):
 PSYoungGen      total 76288K, used 21862K [0x000000076ad80000, 0x0000000770280000, 0x00000007c0000000)
  eden space 65536K, 16% used [0x000000076ad80000,0x000000076b859fc0,0x000000076ed80000)
  from space 10752K, 99% used [0x000000076ed80000,0x000000076f7ff9f8,0x000000076f800000)
  to   space 10752K, 0% used [0x000000076f800000,0x000000076f800000,0x0000000770280000)
 ParOldGen       total 175104K, used 571K [0x00000006c0800000, 0x00000006cb300000, 0x000000076ad80000)
  object space 175104K, 0% used [0x00000006c0800000,0x00000006c088ef28,0x00000006cb300000)
 Metaspace       used 17761K, capacity 18020K, committed 18304K, reserved 1064960K
  class space    used 2229K, capacity 2332K, committed 2432K, reserved 1048576K
Event: 7.847 GC heap after
Heap after GC invocations=2 (full 0):
 PSYoungGen      total 76288K, used 10131K [0x000000076ad80000, 0x0000000770280000, 0x00000007c0000000)
  eden space 65536K, 0% used [0x000000076ad80000,0x000000076ad80000,0x000000076ed80000)
  from space 10752K, 94% used [0x000000076f800000,0x00000007701e4e68,0x0000000770280000)
  to   space 10752K, 0% used [0x000000076ed80000,0x000000076ed80000,0x000000076f800000)
 ParOldGen       total 175104K, used 579K [0x00000006c0800000, 0x00000006cb300000, 0x000000076ad80000)
  object space 175104K, 0% used [0x00000006c0800000,0x00000006c0890f28,0x00000006cb300000)
 Metaspace       used 17761K, capacity 18020K, committed 18304K, reserved 1064960K
  class space    used 2229K, capacity 2332K, committed 2432K, reserved 1048576K
}
Event: 7.847 GC heap before
{Heap before GC invocations=3 (full 1):
 PSYoungGen      total 76288K, used 10131K [0x000000076ad80000, 0x0000000770280000, 0x00000007c0000000)
  eden space 65536K, 0% used [0x000000076ad80000,0x000000076ad80000,0x000000076ed80000)
  from space 10752K, 94% used [0x000000076f800000,0x00000007701e4e68,0x0000000770280000)
  to   space 10752K, 0% used [0x000000076ed80000,0x000000076ed80000,0x000000076f800000)
 ParOldGen       total 175104K, used 579K [0x00000006c0800000, 0x00000006cb300000, 0x000000076ad80000)
  object space 175104K, 0% used [0x00000006c0800000,0x00000006c0890f28,0x00000006cb300000)
 Metaspace       used 17761K, capacity 18020K, committed 18304K, reserved 1064960K
  class space    used 2229K, capacity 2332K, committed 2432K, reserved 1048576K
Event: 7.880 GC heap after
Heap after GC invocations=3 (full 1):
 PSYoungGen      total 76288K, used 0K [0x000000076ad80000, 0x0000000770280000, 0x00000007c0000000)
  eden space 65536K, 0% used [0x000000076ad80000,0x000000076ad80000,0x000000076ed80000)
  from space 10752K, 0% used [0x000000076f800000,0x000000076f800000,0x0000000770280000)
  to   space 10752K, 0% used [0x000000076ed80000,0x000000076ed80000,0x000000076f800000)
 ParOldGen       total 175104K, used 9929K [0x00000006c0800000, 0x00000006cb300000, 0x000000076ad80000)
  object space 175104K, 5% used [0x00000006c0800000,0x00000006c11b24d0,0x00000006cb300000)
 Metaspace       used 17761K, capacity 18020K, committed 18304K, reserved 1064960K
  class space    used 2229K, capacity 2332K, committed 2432K, reserved 1048576K
}
Event: 17.771 GC heap before
{Heap before GC invocations=4 (full 1):
 PSYoungGen      total 76288K, used 65536K [0x000000076ad80000, 0x0000000770280000, 0x00000007c0000000)
  eden space 65536K, 100% used [0x000000076ad80000,0x000000076ed80000,0x000000076ed80000)
  from space 10752K, 0% used [0x000000076f800000,0x000000076f800000,0x0000000770280000)
  to   space 10752K, 0% used [0x000000076ed80000,0x000000076ed80000,0x000000076f800000)
 ParOldGen       total 175104K, used 9929K [0x00000006c0800000, 0x00000006cb300000, 0x000000076ad80000)
  object space 175104K, 5% used [0x00000006c0800000,0x00000006c11b24d0,0x00000006cb300000)
 Metaspace       used 25515K, capacity 25840K, committed 26112K, reserved 1073152K
  class space    used 3182K, capacity 3302K, committed 3328K, reserved 1048576K
Event: 17.777 GC heap after
Heap after GC invocations=4 (full 1):
 PSYoungGen      total 76288K, used 6744K [0x000000076ad80000, 0x0000000770280000, 0x00000007c0000000)
  eden space 65536K, 0% used [0x000000076ad80000,0x000000076ad80000,0x000000076ed80000)
  from space 10752K, 62% used [0x000000076ed80000,0x000000076f416380,0x000000076f800000)
  to   space 10752K, 0% used [0x000000076f800000,0x000000076f800000,0x0000000770280000)
 ParOldGen       total 175104K, used 10001K [0x00000006c0800000, 0x00000006cb300000, 0x000000076ad80000)
  object space 175104K, 5% used [0x00000006c0800000,0x00000006c11c44e0,0x00000006cb300000)
 Metaspace       used 25515K, capacity 25840K, committed 26112K, reserved 1073152K
  class space    used 3182K, capacity 3302K, committed 3328K, reserved 1048576K
}
Event: 29.172 GC heap before
{Heap before GC invocations=5 (full 1):
 PSYoungGen      total 76288K, used 62205K [0x000000076ad80000, 0x0000000770280000, 0x00000007c0000000)
  eden space 65536K, 84% used [0x000000076ad80000,0x000000076e3a92e8,0x000000076ed80000)
  from space 10752K, 62% used [0x000000076ed80000,0x000000076f416380,0x000000076f800000)
  to   space 10752K, 0% used [0x000000076f800000,0x000000076f800000,0x0000000770280000)
 ParOldGen       total 175104K, used 10001K [0x00000006c0800000, 0x00000006cb300000, 0x000000076ad80000)
  object space 175104K, 5% used [0x00000006c0800000,0x00000006c11c44e0,0x00000006cb300000)
 Metaspace       used 30044K, capacity 30438K, committed 30508K, reserved 1075200K
  class space    used 3755K, capacity 3911K, committed 3968K, reserved 1048576K
Event: 29.177 GC heap after
Heap after GC invocations=5 (full 1):
 PSYoungGen      total 76288K, used 7480K [0x000000076ad80000, 0x0000000770280000, 0x00000007c0000000)
  eden space 65536K, 0% used [0x000000076ad80000,0x000000076ad80000,0x000000076ed80000)
  from space 10752K, 69% used [0x000000076f800000,0x000000076ff4e1b0,0x0000000770280000)
  to   space 10752K, 0% used [0x000000076ed80000,0x000000076ed80000,0x000000076f800000)
 ParOldGen       total 175104K, used 10009K [0x00000006c0800000, 0x00000006cb300000, 0x000000076ad80000)
  object space 175104K, 5% used [0x00000006c0800000,0x00000006c11c64e0,0x00000006cb300000)
 Metaspace       used 30044K, capacity 30438K, committed 30508K, reserved 1075200K
  class space    used 3755K, capacity 3911K, committed 3968K, reserved 1048576K
}
Event: 29.177 GC heap before
{Heap before GC invocations=6 (full 2):
 PSYoungGen      total 76288K, used 7480K [0x000000076ad80000, 0x0000000770280000, 0x00000007c0000000)
  eden space 65536K, 0% used [0x000000076ad80000,0x000000076ad80000,0x000000076ed80000)
  from space 10752K, 69% used [0x000000076f800000,0x000000076ff4e1b0,0x0000000770280000)
  to   space 10752K, 0% used [0x000000076ed80000,0x000000076ed80000,0x000000076f800000)
 ParOldGen       total 175104K, used 10009K [0x00000006c0800000, 0x00000006cb300000, 0x000000076ad80000)
  object space 175104K, 5% used [0x00000006c0800000,0x00000006c11c64e0,0x00000006cb300000)
 Metaspace       used 30044K, capacity 30438K, committed 30508K, reserved 1075200K
  class space    used 3755K, capacity 3911K, committed 3968K, reserved 1048576K
Event: 29.214 GC heap after
Heap after GC invocations=6 (full 2):
 PSYoungGen      total 76288K, used 0K [0x000000076ad80000, 0x0000000770280000, 0x00000007c0000000)
  eden space 65536K, 0% used [0x000000076ad80000,0x000000076ad80000,0x000000076ed80000)
  from space 10752K, 0% used [0x000000076f800000,0x000000076f800000,0x0000000770280000)
  to   space 10752K, 0% used [0x000000076ed80000,0x000000076ed80000,0x000000076f800000)
 ParOldGen       total 82944K, used 16659K [0x00000006c0800000, 0x00000006c5900000, 0x000000076ad80000)
  object space 82944K, 20% used [0x00000006c0800000,0x00000006c1844e58,0x00000006c5900000)
 Metaspace       used 30044K, capacity 30438K, committed 30508K, reserved 1075200K
  class space    used 3755K, capacity 3911K, committed 3968K, reserved 1048576K
}

Deoptimization events (10 events):
Event: 15.294 Thread 0x00000265297f3000 Uncommon trap: reason=class_check action=maybe_recompile pc=0x000002650a85bd14 method=java.lang.String.equals(Ljava/lang/Object;)Z @ 8
Event: 17.803 Thread 0x00000265297f3000 Uncommon trap: reason=unstable_if action=reinterpret pc=0x000002650a9b8768 method=sun.reflect.generics.parser.SignatureParser.skipIdentifier()V @ 44
Event: 17.804 Thread 0x00000265297f3000 Uncommon trap: reason=unstable_if action=reinterpret pc=0x000002650a97dda4 method=sun.reflect.generics.parser.SignatureParser.current()C @ 39
Event: 18.202 Thread 0x00000265297f3000 Uncommon trap: reason=predicate action=maybe_recompile pc=0x000002650a88e8c8 method=java.lang.String.regionMatches(ZILjava/lang/String;II)Z @ 63
Event: 18.786 Thread 0x00000265297f3000 Uncommon trap: reason=unstable_if action=reinterpret pc=0x000002650aaa2f1c method=java.io.WinNTFileSystem.normalize(Ljava/lang/String;)Ljava/lang/String; @ 128
Event: 18.786 Thread 0x00000265297f3000 Uncommon trap: reason=unstable_if action=reinterpret pc=0x000002650aa7949c method=java.io.WinNTFileSystem.normalize(Ljava/lang/String;II)Ljava/lang/String; @ 8
Event: 29.236 Thread 0x00000265297f3000 Uncommon trap: reason=unstable_if action=reinterpret pc=0x000002650ac3f0d4 method=java.util.HashMap.putVal(ILjava/lang/Object;Ljava/lang/Object;ZZ)Ljava/lang/Object; @ 162
Event: 29.237 Thread 0x00000265297f3000 Uncommon trap: reason=unstable_if action=reinterpret pc=0x000002650a879c60 method=java.util.HashMap.getNode(ILjava/lang/Object;)Ljava/util/HashMap$Node; @ 84
Event: 29.238 Thread 0x00000265297f3000 Uncommon trap: reason=unstable_if action=reinterpret pc=0x000002650a8ca4e8 method=java.util.HashMap.resize()[Ljava/util/HashMap$Node; @ 206
Event: 29.270 Thread 0x00000265297f3000 Uncommon trap: reason=unstable_if action=reinterpret pc=0x000002650ac2a950 method=java.util.HashMap.getNode(ILjava/lang/Object;)Ljava/util/HashMap$Node; @ 84

Classes redefined (4 events):
Event: 203.904 Thread 0x00000265239d6800 redefined class name=com.assinador.PdfSigner, count=1
Event: 971.087 Thread 0x00000265239d6800 redefined class name=com.assinador.PdfSigner, count=2
Event: 1013.156 Thread 0x00000265239d6800 redefined class name=com.assinador.PdfSigner, count=3
Event: 1154.669 Thread 0x00000265239d6800 redefined class name=com.assinador.PdfSigner, count=4

Internal exceptions (10 events):
Event: 73.323 Thread 0x00000265297f3000 Exception <a 'java/security/PrivilegedActionException'> (0x000000076bb356f8) thrown at [C:\jenkins\workspace\8-2-build-windows-x64-cygwin-sans-NAS\jdk8u421\1068\hotspot\src\share\vm\prims\jvm.cpp, line 1513]
Event: 73.323 Thread 0x00000265297f3000 Exception <a 'java/security/PrivilegedActionException'> (0x000000076bb35af0) thrown at [C:\jenkins\workspace\8-2-build-windows-x64-cygwin-sans-NAS\jdk8u421\1068\hotspot\src\share\vm\prims\jvm.cpp, line 1513]
Event: 1158.914 Thread 0x00000265297f3000 Exception <a 'java/security/PrivilegedActionException'> (0x000000076bb5fff0) thrown at [C:\jenkins\workspace\8-2-build-windows-x64-cygwin-sans-NAS\jdk8u421\1068\hotspot\src\share\vm\prims\jvm.cpp, line 1513]
Event: 1158.914 Thread 0x00000265297f3000 Exception <a 'java/security/PrivilegedActionException'> (0x000000076bb603e8) thrown at [C:\jenkins\workspace\8-2-build-windows-x64-cygwin-sans-NAS\jdk8u421\1068\hotspot\src\share\vm\prims\jvm.cpp, line 1513]
Event: 1158.920 Thread 0x00000265297f3000 Exception <a 'java/security/PrivilegedActionException'> (0x000000076bb62168) thrown at [C:\jenkins\workspace\8-2-build-windows-x64-cygwin-sans-NAS\jdk8u421\1068\hotspot\src\share\vm\prims\jvm.cpp, line 1513]
Event: 1158.920 Thread 0x00000265297f3000 Exception <a 'java/security/PrivilegedActionException'> (0x000000076bb62560) thrown at [C:\jenkins\workspace\8-2-build-windows-x64-cygwin-sans-NAS\jdk8u421\1068\hotspot\src\share\vm\prims\jvm.cpp, line 1513]
Event: 1158.992 Thread 0x00000265297f3000 Exception <a 'java/security/PrivilegedActionException'> (0x000000076bb6a910) thrown at [C:\jenkins\workspace\8-2-build-windows-x64-cygwin-sans-NAS\jdk8u421\1068\hotspot\src\share\vm\prims\jvm.cpp, line 1513]
Event: 1158.992 Thread 0x00000265297f3000 Exception <a 'java/security/PrivilegedActionException'> (0x000000076bb6aef0) thrown at [C:\jenkins\workspace\8-2-build-windows-x64-cygwin-sans-NAS\jdk8u421\1068\hotspot\src\share\vm\prims\jvm.cpp, line 1513]
Event: 1158.998 Thread 0x00000265297f3000 Exception <a 'java/security/PrivilegedActionException'> (0x000000076bb6ce10) thrown at [C:\jenkins\workspace\8-2-build-windows-x64-cygwin-sans-NAS\jdk8u421\1068\hotspot\src\share\vm\prims\jvm.cpp, line 1513]
Event: 1158.998 Thread 0x00000265297f3000 Exception <a 'java/security/PrivilegedActionException'> (0x000000076bb6d3f0) thrown at [C:\jenkins\workspace\8-2-build-windows-x64-cygwin-sans-NAS\jdk8u421\1068\hotspot\src\share\vm\prims\jvm.cpp, line 1513]

Events (10 events):
Event: 1161.517 Executing VM operation: GetFrameLocation done
Event: 1161.517 Executing VM operation: GetFrameLocation
Event: 1161.517 Executing VM operation: GetFrameLocation done
Event: 1161.517 Executing VM operation: GetFrameLocation
Event: 1161.517 Executing VM operation: GetFrameLocation done
Event: 1161.517 Executing VM operation: GetFrameLocation
Event: 1161.517 Executing VM operation: GetFrameLocation done
Event: 1161.518 Executing VM operation: GetFrameLocation
Event: 1161.518 Executing VM operation: GetFrameLocation done
Event: 1161.518 Executing VM operation: GetOrSetLocal


Dynamic libraries:
0x00007ff7acc50000 - 0x00007ff7acc9f000 	C:\Program Files\Java\jdk-1.8\bin\java.exe
0x00007ffc70090000 - 0x00007ffc70288000 	C:\WINDOWS\SYSTEM32\ntdll.dll
0x00007ffc6eaa0000 - 0x00007ffc6eb61000 	C:\WINDOWS\System32\KERNEL32.DLL
0x00007ffc6d8a0000 - 0x00007ffc6db96000 	C:\WINDOWS\System32\KERNELBASE.dll
0x00007ffc6e9f0000 - 0x00007ffc6eaa0000 	C:\WINDOWS\System32\ADVAPI32.dll
0x00007ffc6e120000 - 0x00007ffc6e1be000 	C:\WINDOWS\System32\msvcrt.dll
0x00007ffc6e950000 - 0x00007ffc6e9f0000 	C:\WINDOWS\System32\sechost.dll
0x00007ffc6e3e0000 - 0x00007ffc6e503000 	C:\WINDOWS\System32\RPCRT4.dll
0x00007ffc6dde0000 - 0x00007ffc6de07000 	C:\WINDOWS\System32\bcrypt.dll
0x00007ffc6eb70000 - 0x00007ffc6ed0f000 	C:\WINDOWS\System32\USER32.dll
0x00007ffc6dc50000 - 0x00007ffc6dc72000 	C:\WINDOWS\System32\win32u.dll
0x00007ffc6ff10000 - 0x00007ffc6ff3b000 	C:\WINDOWS\System32\GDI32.dll
0x00007ffc6df70000 - 0x00007ffc6e087000 	C:\WINDOWS\System32\gdi32full.dll
0x00007ffc6ded0000 - 0x00007ffc6df6d000 	C:\WINDOWS\System32\msvcp_win.dll
0x00007ffc6d7a0000 - 0x00007ffc6d8a0000 	C:\WINDOWS\System32\ucrtbase.dll
0x00007ffc5ccc0000 - 0x00007ffc5cf5a000 	C:\WINDOWS\WinSxS\amd64_microsoft.windows.common-controls_6595b64144ccf1df_6.0.19041.4355_none_60b8b9eb71f62e16\COMCTL32.dll
0x00007ffc6e510000 - 0x00007ffc6e53f000 	C:\WINDOWS\System32\IMM32.DLL
0x00007ffc68620000 - 0x00007ffc6863b000 	C:\Program Files\Java\jdk-1.8\jre\bin\vcruntime140.dll
0x00007ffc67930000 - 0x00007ffc6793c000 	C:\Program Files\Java\jdk-1.8\jre\bin\vcruntime140_1.dll
0x00007ffc4b640000 - 0x00007ffc4b6ce000 	C:\Program Files\Java\jdk-1.8\jre\bin\msvcp140.dll
0x00007ffc0bb90000 - 0x00007ffc0c439000 	C:\Program Files\Java\jdk-1.8\jre\bin\server\jvm.dll
0x00007ffc70010000 - 0x00007ffc70018000 	C:\WINDOWS\System32\PSAPI.DLL
0x00007ffc59a20000 - 0x00007ffc59a29000 	C:\WINDOWS\SYSTEM32\WSOCK32.dll
0x00007ffc615c0000 - 0x00007ffc615e7000 	C:\WINDOWS\SYSTEM32\WINMM.dll
0x00007ffc675a0000 - 0x00007ffc675aa000 	C:\WINDOWS\SYSTEM32\VERSION.dll
0x00007ffc6e370000 - 0x00007ffc6e3db000 	C:\WINDOWS\System32\WS2_32.dll
0x00007ffc6bee0000 - 0x00007ffc6bef2000 	C:\WINDOWS\SYSTEM32\kernel.appcore.dll
0x00007ffc67860000 - 0x00007ffc67870000 	C:\Program Files\Java\jdk-1.8\jre\bin\verify.dll
0x00007ffc67830000 - 0x00007ffc6785b000 	C:\Program Files\Java\jdk-1.8\jre\bin\java.dll
0x00007ffc5e520000 - 0x00007ffc5e556000 	C:\Program Files\Java\jdk-1.8\jre\bin\jdwp.dll
0x00007ffc674e0000 - 0x00007ffc674e9000 	C:\Program Files\Java\jdk-1.8\jre\bin\npt.dll
0x00007ffc5dab0000 - 0x00007ffc5dac8000 	C:\Program Files\Java\jdk-1.8\jre\bin\zip.dll
0x00007ffc6eec0000 - 0x00007ffc6f62c000 	C:\WINDOWS\System32\SHELL32.dll
0x00007ffc6b730000 - 0x00007ffc6bece000 	C:\WINDOWS\SYSTEM32\windows.storage.dll
0x00007ffc6e5f0000 - 0x00007ffc6e943000 	C:\WINDOWS\System32\combase.dll
0x00007ffc6d000000 - 0x00007ffc6d02e000 	C:\WINDOWS\SYSTEM32\Wldp.dll
0x00007ffc6fca0000 - 0x00007ffc6fd6d000 	C:\WINDOWS\System32\OLEAUT32.dll
0x00007ffc6fab0000 - 0x00007ffc6fb5d000 	C:\WINDOWS\System32\SHCORE.dll
0x00007ffc6ff40000 - 0x00007ffc6ff95000 	C:\WINDOWS\System32\shlwapi.dll
0x00007ffc6d640000 - 0x00007ffc6d664000 	C:\WINDOWS\SYSTEM32\profapi.dll
0x00007ffc674d0000 - 0x00007ffc674da000 	C:\Program Files\Java\jdk-1.8\jre\bin\dt_socket.dll
0x00007ffc5a630000 - 0x00007ffc5a647000 	C:\WINDOWS\system32\napinsp.dll
0x00007ffc5a610000 - 0x00007ffc5a62b000 	C:\WINDOWS\system32\pnrpnsp.dll
0x00007ffc69050000 - 0x00007ffc69065000 	C:\WINDOWS\system32\wshbth.dll
0x00007ffc68a40000 - 0x00007ffc68a5d000 	C:\WINDOWS\system32\NLAapi.dll
0x00007ffc6ca60000 - 0x00007ffc6ca9b000 	C:\WINDOWS\SYSTEM32\IPHLPAPI.DLL
0x00007ffc6cdc0000 - 0x00007ffc6ce2a000 	C:\WINDOWS\System32\mswsock.dll
0x00007ffc6caa0000 - 0x00007ffc6cb6a000 	C:\WINDOWS\SYSTEM32\DNSAPI.dll
0x00007ffc6f630000 - 0x00007ffc6f638000 	C:\WINDOWS\System32\NSI.dll
0x00007ffc5a3f0000 - 0x00007ffc5a402000 	C:\WINDOWS\System32\winrnr.dll
0x00007ffc64500000 - 0x00007ffc64580000 	C:\WINDOWS\System32\fwpuclnt.dll
0x00007ffc68480000 - 0x00007ffc6848a000 	C:\Windows\System32\rasadhlp.dll
0x00007ffc4b220000 - 0x00007ffc4b39e000 	C:\Program Files\Java\jdk-1.8\jre\bin\awt.dll
0x00007ffc63a80000 - 0x00007ffc63b14000 	C:\WINDOWS\SYSTEM32\apphelp.dll
0x00007ffc6b260000 - 0x00007ffc6b28f000 	C:\WINDOWS\system32\DWMAPI.DLL
0x00007ffc6b070000 - 0x00007ffc6b10e000 	C:\WINDOWS\system32\uxtheme.dll
0x00007ffc239f0000 - 0x00007ffc23b18000 	C:\WINDOWS\system32\opengl32.dll
0x00007ffc5d810000 - 0x00007ffc5d83c000 	C:\WINDOWS\SYSTEM32\GLU32.dll
0x00007ffc6fdf0000 - 0x00007ffc6ff04000 	C:\WINDOWS\System32\MSCTF.dll
0x00007ffc6e240000 - 0x00007ffc6e36b000 	C:\WINDOWS\System32\ole32.dll
0x00007ffc6d710000 - 0x00007ffc6d792000 	C:\WINDOWS\System32\bcryptPrimitives.dll
0x00007ffc38470000 - 0x00007ffc38640000 	C:\WINDOWS\system32\d3d9.dll
0x00007ffc603f0000 - 0x00007ffc60561000 	C:\WINDOWS\SYSTEM32\aticfx64.dll
0x00007ffc5c350000 - 0x00007ffc5c371000 	C:\WINDOWS\SYSTEM32\atiu9p64.dll
0x00007ffc08110000 - 0x00007ffc08b8f000 	C:\WINDOWS\SYSTEM32\atiumd64.dll
0x0000000054960000 - 0x0000000055204000 	C:\WINDOWS\SYSTEM32\atiumd6a.dll
0x00007ffc6d030000 - 0x00007ffc6d07b000 	C:\WINDOWS\SYSTEM32\POWRPROF.dll
0x00007ffc6cfe0000 - 0x00007ffc6cff2000 	C:\WINDOWS\SYSTEM32\UMPDC.dll
0x00007ffc4e6c0000 - 0x00007ffc4e6e5000 	C:\Program Files\Java\jdk-1.8\jre\bin\sunec.dll
0x00007ffc653c0000 - 0x00007ffc653ce000 	C:\Program Files\Java\jdk-1.8\jre\bin\sunmscapi.dll
0x00007ffc6dc80000 - 0x00007ffc6ddde000 	C:\WINDOWS\System32\CRYPT32.dll
0x00007ffc6d1a0000 - 0x00007ffc6d1c9000 	C:\WINDOWS\SYSTEM32\ncrypt.dll
0x00007ffc6d160000 - 0x00007ffc6d19b000 	C:\WINDOWS\SYSTEM32\NTASN1.dll
0x00007ffc6d2c0000 - 0x00007ffc6d2d2000 	C:\WINDOWS\SYSTEM32\MSASN1.dll
0x00007ffc6bf00000 - 0x00007ffc6bf23000 	C:\WINDOWS\SYSTEM32\gpapi.dll
0x00007ffc6d090000 - 0x00007ffc6d0a8000 	C:\WINDOWS\SYSTEM32\CRYPTSP.dll
0x00007ffc6c6a0000 - 0x00007ffc6c6d4000 	C:\WINDOWS\system32\rsaenh.dll
0x00007ffc6cf50000 - 0x00007ffc6cf5c000 	C:\WINDOWS\SYSTEM32\CRYPTBASE.dll
0x00007ffc4d530000 - 0x00007ffc4d561000 	C:\WINDOWS\SYSTEM32\cryptnet.dll
0x00007ffc687c0000 - 0x00007ffc687cb000 	C:\WINDOWS\SYSTEM32\WINNSI.DLL
0x00007ffc6d5b0000 - 0x00007ffc6d5de000 	C:\WINDOWS\SYSTEM32\USERENV.dll
0x00007ffc6d4f0000 - 0x00007ffc6d4fa000 	C:\WINDOWS\SYSTEM32\DPAPI.dll
0x00007ffc4e670000 - 0x00007ffc4e6bf000 	C:\Program Files\Java\jdk-1.8\jre\bin\fontmanager.dll
0x00007ffc5b2a0000 - 0x00007ffc5b2bc000 	C:\Program Files\Java\jdk-1.8\jre\bin\net.dll
0x00007ffc4de90000 - 0x00007ffc4dea3000 	C:\Program Files\Java\jdk-1.8\jre\bin\nio.dll
0x00007ffc4b5f0000 - 0x00007ffc4b633000 	C:\Program Files\Java\jdk-1.8\jre\bin\t2k.dll
0x00007ffc6e540000 - 0x00007ffc6e5e9000 	C:\WINDOWS\System32\clbcatq.dll
0x00007ffc6abc0000 - 0x00007ffc6ad76000 	C:\WINDOWS\SYSTEM32\WindowsCodecs.dll
0x00007ffc560b0000 - 0x00007ffc560ee000 	C:\WINDOWS\system32\dataexchange.dll
0x00007ffc6ad80000 - 0x00007ffc6afe3000 	C:\WINDOWS\system32\d3d11.dll
0x00007ffc632a0000 - 0x00007ffc63484000 	C:\WINDOWS\system32\dcomp.dll
0x00007ffc6bf30000 - 0x00007ffc6c025000 	C:\WINDOWS\system32\dxgi.dll
0x00007ffc660e0000 - 0x00007ffc662e3000 	C:\WINDOWS\system32\twinapi.appcore.dll
0x00007ffc5ed90000 - 0x00007ffc5ee89000 	C:\WINDOWS\SYSTEM32\textinputframework.dll
0x00007ffc682b0000 - 0x00007ffc683a2000 	C:\WINDOWS\System32\CoreMessaging.dll
0x00007ffc62ae0000 - 0x00007ffc62e3b000 	C:\WINDOWS\System32\CoreUIComponents.dll
0x00007ffc6c7c0000 - 0x00007ffc6c7f3000 	C:\WINDOWS\SYSTEM32\ntmarta.dll
0x00007ffc69080000 - 0x00007ffc691d7000 	C:\WINDOWS\SYSTEM32\wintypes.dll
0x00007ffc4b460000 - 0x00007ffc4b48a000 	C:\Program Files\Java\jdk-1.8\jre\bin\dcpr.dll
0x00007ffc68460000 - 0x00007ffc68477000 	C:\WINDOWS\SYSTEM32\dhcpcsvc6.DLL
0x00007ffc68440000 - 0x00007ffc6845d000 	C:\WINDOWS\SYSTEM32\dhcpcsvc.DLL
0x00007ffc4b1d0000 - 0x00007ffc4b215000 	C:\Program Files\Java\jdk-1.8\jre\bin\lcms.dll
0x00007ffc6a9d0000 - 0x00007ffc6abb4000 	C:\WINDOWS\SYSTEM32\dbghelp.dll

VM Arguments:
jvm_args: -agentlib:jdwp=transport=dt_socket,server=n,suspend=y,address=localhost:61876 
java_command: com.assinador.assinacertificado
java_class_path (initial): C:\Users\DESKTOP\AppData\Local\Temp\cp_7y7wn90izqf6fnpb434sraffp.jar
Launcher Type: SUN_STANDARD

Environment Variables:
JAVA_HOME=C:\Program Files\Java\jdk-1.8
USERNAME=DESKTOP
OS=Windows_NT
PROCESSOR_IDENTIFIER=Intel64 Family 6 Model 42 Stepping 7, GenuineIntel



---------------  S Y S T E M  ---------------

OS: Windows 10 , 64 bit Build 19041 (10.0.19041.4597)

CPU:total 8 (initial active 8) (4 cores per cpu, 2 threads per core) family 6 model 42 stepping 7, cmov, cx8, fxsr, mmx, sse, sse2, sse3, ssse3, sse4.1, sse4.2, popcnt, avx, aes, clmul, ht, tsc, tscinvbit

Memory: 4k page, physical 16741236k(7563768k free), swap 19231604k(7533664k free)

vm_info: Java HotSpot(TM) 64-Bit Server VM (25.421-b09) for windows-amd64 JRE (1.8.0_421-b09), built on Jun  5 2024 13:01:06 by "java_re" with MS VC++ 17.6 (VS2022)

time: Wed Feb 19 12:05:45 2025
timezone: E. South America Standard Time
elapsed time: 1161.571146 seconds (0d 0h 19m 21s)

